<?xml version="1.0" encoding="UTF-8"?>
<!-- Generated by org.testng.reporters.JUnitReportReporter -->
<testsuite hostname="USPUNTNINAWE4" failures="0" tests="8" name="cucumberOptions.TestNGRunner" time="0.329" errors="0" timestamp="2026-04-25T17:00:56 IST" skipped="0">
  <testcase classname="cucumberOptions.TestNGRunner" name="runScenario" time="0.013"/>
  <testcase classname="cucumberOptions.TestNGRunner" name="runScenario" time="0.010"/>
  <testcase classname="cucumberOptions.TestNGRunner" name="runScenario" time="0.012"/>
  <testcase classname="cucumberOptions.TestNGRunner" name="runScenario" time="0.013"/>
  <testcase classname="cucumberOptions.TestNGRunner" name="runScenario" time="0.222"/>
  <testcase classname="cucumberOptions.TestNGRunner" name="runScenario" time="0.012"/>
  <testcase classname="cucumberOptions.TestNGRunner" name="runScenario" time="0.018"/>
  <testcase classname="cucumberOptions.TestNGRunner" name="runScenario" time="0.029"/>
</testsuite> <!-- cucumberOptions.TestNGRunner -->
