<?xml version="1.0" encoding="UTF-8"?>
<!-- Generated by org.testng.reporters.JUnitReportReporter -->
<testsuite hostname="USPUNTNINAWE4" failures="0" tests="4" name="cucumberOptions.TestNGRunner" time="0.108" errors="0" timestamp="2026-04-25T13:45:03 IST" skipped="0">
  <testcase classname="cucumberOptions.TestNGRunner" name="runScenario" time="0.094"/>
  <testcase classname="cucumberOptions.TestNGRunner" name="runScenario" time="0.002"/>
  <testcase classname="cucumberOptions.TestNGRunner" name="runScenario" time="0.010"/>
  <testcase classname="cucumberOptions.TestNGRunner" name="runScenario" time="0.002"/>
</testsuite> <!-- cucumberOptions.TestNGRunner -->
